{"/home/travis/build/npmtest/node-npmtest-ansi-to-html/test.js":{"path":"/home/travis/build/npmtest/node-npmtest-ansi-to-html/test.js","s":{"1":2,"2":2,"3":2,"4":2,"5":2,"6":2,"7":2,"8":1,"9":2,"10":2,"11":1,"12":1,"13":1,"14":1,"15":2,"16":2,"17":2,"18":2,"19":1,"20":1,"21":2,"22":2,"23":2,"24":1,"25":1,"26":1,"27":1,"28":1,"29":1,"30":1,"31":1,"32":1,"33":1,"34":1,"35":1,"36":1,"37":2,"38":2,"39":1,"40":2,"41":2,"42":1,"43":2,"44":2,"45":1,"46":2,"47":2,"48":1,"49":1,"50":1,"51":1,"52":1},"b":{"1":[2,1,1,1],"2":[1,1,1,1],"3":[1,1],"4":[1,1],"5":[1,1],"6":[1,1],"7":[1,1],"8":[1,1],"9":[1,1,1],"10":[1,1],"11":[1,1],"12":[1,1],"13":[1,1],"14":[1,1],"15":[1,1],"16":[1,1]},"f":{"1":2,"2":2,"3":2,"4":2,"5":2,"6":1,"7":1,"8":2,"9":2,"10":2,"11":2,"12":1},"fnMap":{"1":{"name":"(anonymous_1)","line":12,"loc":{"start":{"line":12,"column":1},"end":{"line":12,"column":13}}},"2":{"name":"(anonymous_2)","line":19,"loc":{"start":{"line":19,"column":5},"end":{"line":19,"column":17}}},"3":{"name":"(anonymous_3)","line":23,"loc":{"start":{"line":23,"column":24},"end":{"line":23,"column":36}}},"4":{"name":"(anonymous_4)","line":61,"loc":{"start":{"line":61,"column":5},"end":{"line":61,"column":17}}},"5":{"name":"(anonymous_5)","line":82,"loc":{"start":{"line":82,"column":5},"end":{"line":82,"column":17}}},"6":{"name":"(anonymous_6)","line":102,"loc":{"start":{"line":102,"column":83},"end":{"line":105,"column":10}},"skip":true},"7":{"name":"(anonymous_7)","line":113,"loc":{"start":{"line":113,"column":77},"end":{"line":116,"column":10}},"skip":true},"8":{"name":"(anonymous_8)","line":129,"loc":{"start":{"line":129,"column":12},"end":{"line":129,"column":40}},"skip":true},"9":{"name":"(anonymous_9)","line":137,"loc":{"start":{"line":137,"column":77},"end":{"line":140,"column":10}},"skip":true},"10":{"name":"(anonymous_10)","line":148,"loc":{"start":{"line":148,"column":83},"end":{"line":151,"column":10}},"skip":true},"11":{"name":"(anonymous_11)","line":159,"loc":{"start":{"line":159,"column":79},"end":{"line":162,"column":10}},"skip":true},"12":{"name":"(anonymous_12)","line":170,"loc":{"start":{"line":170,"column":75},"end":{"line":173,"column":10}},"skip":true}},"statementMap":{"1":{"start":{"line":12,"column":0},"end":{"line":185,"column":5}},"2":{"start":{"line":14,"column":4},"end":{"line":14,"column":14}},"3":{"start":{"line":19,"column":4},"end":{"line":56,"column":9}},"4":{"start":{"line":21,"column":8},"end":{"line":21,"column":19}},"5":{"start":{"line":23,"column":8},"end":{"line":35,"column":13}},"6":{"start":{"line":24,"column":12},"end":{"line":34,"column":13}},"7":{"start":{"line":25,"column":16},"end":{"line":28,"column":30}},"8":{"start":{"line":30,"column":16},"end":{"line":33,"column":27}},"9":{"start":{"line":37,"column":8},"end":{"line":39,"column":21}},"10":{"start":{"line":40,"column":8},"end":{"line":53,"column":9}},"11":{"start":{"line":43,"column":12},"end":{"line":46,"column":14}},"12":{"start":{"line":47,"column":12},"end":{"line":47,"column":18}},"13":{"start":{"line":50,"column":12},"end":{"line":51,"column":46}},"14":{"start":{"line":52,"column":12},"end":{"line":52,"column":18}},"15":{"start":{"line":55,"column":8},"end":{"line":55,"column":35}},"16":{"start":{"line":61,"column":4},"end":{"line":63,"column":9}},"17":{"start":{"line":62,"column":8},"end":{"line":62,"column":15}},"18":{"start":{"line":64,"column":4},"end":{"line":77,"column":5}},"19":{"start":{"line":70,"column":8},"end":{"line":70,"column":14}},"20":{"start":{"line":76,"column":8},"end":{"line":76,"column":14}},"21":{"start":{"line":82,"column":4},"end":{"line":84,"column":9}},"22":{"start":{"line":83,"column":8},"end":{"line":83,"column":15}},"23":{"start":{"line":85,"column":4},"end":{"line":184,"column":5}},"24":{"start":{"line":92,"column":8},"end":{"line":94,"column":63}},"25":{"start":{"line":95,"column":8},"end":{"line":95,"column":14}},"26":{"start":{"line":102,"column":8},"end":{"line":111,"column":10},"skip":true},"27":{"start":{"line":109,"column":12},"end":{"line":109,"column":55},"skip":true},"28":{"start":{"line":110,"column":12},"end":{"line":110,"column":48},"skip":true},"29":{"start":{"line":113,"column":8},"end":{"line":126,"column":10},"skip":true},"30":{"start":{"line":120,"column":12},"end":{"line":120,"column":76},"skip":true},"31":{"start":{"line":121,"column":12},"end":{"line":121,"column":73},"skip":true},"32":{"start":{"line":122,"column":12},"end":{"line":122,"column":74},"skip":true},"33":{"start":{"line":123,"column":12},"end":{"line":123,"column":79},"skip":true},"34":{"start":{"line":124,"column":12},"end":{"line":124,"column":25},"skip":true},"35":{"start":{"line":125,"column":12},"end":{"line":125,"column":45},"skip":true},"36":{"start":{"line":128,"column":8},"end":{"line":135,"column":14},"skip":true},"37":{"start":{"line":133,"column":16},"end":{"line":133,"column":29},"skip":true},"38":{"start":{"line":134,"column":16},"end":{"line":134,"column":55},"skip":true},"39":{"start":{"line":137,"column":8},"end":{"line":146,"column":10},"skip":true},"40":{"start":{"line":144,"column":12},"end":{"line":144,"column":25},"skip":true},"41":{"start":{"line":145,"column":12},"end":{"line":145,"column":45},"skip":true},"42":{"start":{"line":148,"column":8},"end":{"line":157,"column":10},"skip":true},"43":{"start":{"line":155,"column":12},"end":{"line":155,"column":25},"skip":true},"44":{"start":{"line":156,"column":12},"end":{"line":156,"column":48},"skip":true},"45":{"start":{"line":159,"column":8},"end":{"line":168,"column":10},"skip":true},"46":{"start":{"line":166,"column":12},"end":{"line":166,"column":25},"skip":true},"47":{"start":{"line":167,"column":12},"end":{"line":167,"column":46},"skip":true},"48":{"start":{"line":170,"column":8},"end":{"line":179,"column":10},"skip":true},"49":{"start":{"line":177,"column":12},"end":{"line":177,"column":94},"skip":true},"50":{"start":{"line":178,"column":12},"end":{"line":178,"column":48},"skip":true},"51":{"start":{"line":182,"column":8},"end":{"line":182,"column":35},"skip":true},"52":{"start":{"line":183,"column":8},"end":{"line":183,"column":14},"skip":true}},"branchMap":{"1":{"line":25,"type":"binary-expr","locations":[{"start":{"line":25,"column":23},"end":{"line":25,"column":62}},{"start":{"line":26,"column":20},"end":{"line":26,"column":70}},{"start":{"line":27,"column":20},"end":{"line":27,"column":71}},{"start":{"line":28,"column":20},"end":{"line":28,"column":29}}]},"2":{"line":30,"type":"binary-expr","locations":[{"start":{"line":30,"column":23},"end":{"line":30,"column":37}},{"start":{"line":31,"column":20},"end":{"line":31,"column":61}},{"start":{"line":32,"column":20},"end":{"line":32,"column":70}},{"start":{"line":33,"column":20},"end":{"line":33,"column":26}}]},"3":{"line":37,"type":"cond-expr","locations":[{"start":{"line":38,"column":14},"end":{"line":38,"column":20}},{"start":{"line":39,"column":14},"end":{"line":39,"column":20}}]},"4":{"line":40,"type":"switch","locations":[{"start":{"line":42,"column":8},"end":{"line":47,"column":18}},{"start":{"line":49,"column":8},"end":{"line":52,"column":18}}]},"5":{"line":44,"type":"binary-expr","locations":[{"start":{"line":44,"column":16},"end":{"line":44,"column":44}},{"start":{"line":44,"column":48},"end":{"line":44,"column":66}}]},"6":{"line":50,"type":"binary-expr","locations":[{"start":{"line":50,"column":21},"end":{"line":50,"column":49}},{"start":{"line":50,"column":53},"end":{"line":50,"column":72}}]},"7":{"line":64,"type":"switch","locations":[{"start":{"line":69,"column":4},"end":{"line":70,"column":14}},{"start":{"line":75,"column":4},"end":{"line":76,"column":14}}]},"8":{"line":85,"type":"switch","locations":[{"start":{"line":90,"column":4},"end":{"line":95,"column":14}},{"start":{"line":101,"column":4},"end":{"line":183,"column":14},"skip":true}]},"9":{"line":92,"type":"binary-expr","locations":[{"start":{"line":92,"column":18},"end":{"line":92,"column":32}},{"start":{"line":93,"column":12},"end":{"line":93,"column":53}},{"start":{"line":94,"column":12},"end":{"line":94,"column":61}}]},"10":{"line":102,"type":"binary-expr","locations":[{"start":{"line":102,"column":45},"end":{"line":102,"column":79},"skip":true},{"start":{"line":102,"column":83},"end":{"line":111,"column":9},"skip":true}]},"11":{"line":113,"type":"binary-expr","locations":[{"start":{"line":113,"column":42},"end":{"line":113,"column":73},"skip":true},{"start":{"line":113,"column":77},"end":{"line":126,"column":9},"skip":true}]},"12":{"line":128,"type":"binary-expr","locations":[{"start":{"line":128,"column":48},"end":{"line":128,"column":85},"skip":true},{"start":{"line":129,"column":12},"end":{"line":135,"column":13},"skip":true}]},"13":{"line":137,"type":"binary-expr","locations":[{"start":{"line":137,"column":42},"end":{"line":137,"column":73},"skip":true},{"start":{"line":137,"column":77},"end":{"line":146,"column":9},"skip":true}]},"14":{"line":148,"type":"binary-expr","locations":[{"start":{"line":148,"column":45},"end":{"line":148,"column":79},"skip":true},{"start":{"line":148,"column":83},"end":{"line":157,"column":9},"skip":true}]},"15":{"line":159,"type":"binary-expr","locations":[{"start":{"line":159,"column":43},"end":{"line":159,"column":75},"skip":true},{"start":{"line":159,"column":79},"end":{"line":168,"column":9},"skip":true}]},"16":{"line":170,"type":"binary-expr","locations":[{"start":{"line":170,"column":41},"end":{"line":170,"column":71},"skip":true},{"start":{"line":170,"column":75},"end":{"line":179,"column":9},"skip":true}]}},"code":["/* istanbul instrument in package npmtest_ansi_to_html */","/*jslint","    bitwise: true,","    browser: true,","    maxerr: 8,","    maxlen: 96,","    node: true,","    nomen: true,","    regexp: true,","    stupid: true","*/","(function () {","    'use strict';","    var local;","","","","    // run shared js-env code - pre-init","    (function () {","        // init local","        local = {};","        // init modeJs","        local.modeJs = (function () {","            try {","                return typeof navigator.userAgent === 'string' &&","                    typeof document.querySelector('body') === 'object' &&","                    typeof XMLHttpRequest.prototype.open === 'function' &&","                    'browser';","            } catch (errorCaughtBrowser) {","                return module.exports &&","                    typeof process.versions.node === 'string' &&","                    typeof require('http').createServer === 'function' &&","                    'node';","            }","        }());","        // init global","        local.global = local.modeJs === 'browser'","            ? window","            : global;","        switch (local.modeJs) {","        // re-init local from window.local","        case 'browser':","            local = local.global.utility2.objectSetDefault(","                local.global.utility2_rollup || local.global.local,","                local.global.utility2","            );","            break;","        // re-init local from example.js","        case 'node':","            local = (local.global.utility2_rollup || require('utility2'))","                .requireExampleJsFromReadme();","            break;","        }","        // export local","        local.global.local = local;","    }());","","","","    // run shared js-env code - function","    (function () {","        return;","    }());","    switch (local.modeJs) {","","","","    // run browser js-env code - function","    case 'browser':","        break;","","","","    // run node js-env code - function","    case 'node':","        break;","    }","","","","    // run shared js-env code - post-init","    (function () {","        return;","    }());","    switch (local.modeJs) {","","","","    // run browser js-env code - post-init","    case 'browser':","        // run tests","        local.nop(local.modeTest &&","            document.querySelector('#testRunButton1') &&","            document.querySelector('#testRunButton1').click());","        break;","","","","    // run node js-env code - post-init","    /* istanbul ignore next */","    case 'node':","        local.testCase_buildApidoc_default = local.testCase_buildApidoc_default || function (","            options,","            onError","        ) {","        /*","         * this function will test buildApidoc's default handling-behavior-behavior","         */","            options = { modulePathList: module.paths };","            local.buildApidoc(options, onError);","        };","","        local.testCase_buildApp_default = local.testCase_buildApp_default || function (","            options,","            onError","        ) {","        /*","         * this function will test buildApp's default handling-behavior-behavior","         */","            local.testCase_buildReadme_default(options, local.onErrorThrow);","            local.testCase_buildLib_default(options, local.onErrorThrow);","            local.testCase_buildTest_default(options, local.onErrorThrow);","            local.testCase_buildCustomOrg_default(options, local.onErrorThrow);","            options = [];","            local.buildApp(options, onError);","        };","","        local.testCase_buildCustomOrg_default = local.testCase_buildCustomOrg_default ||","            function (options, onError) {","            /*","             * this function will test buildCustomOrg's default handling-behavior","             */","                options = {};","                local.buildCustomOrg(options, onError);","            };","","        local.testCase_buildLib_default = local.testCase_buildLib_default || function (","            options,","            onError","        ) {","        /*","         * this function will test buildLib's default handling-behavior","         */","            options = {};","            local.buildLib(options, onError);","        };","","        local.testCase_buildReadme_default = local.testCase_buildReadme_default || function (","            options,","            onError","        ) {","        /*","         * this function will test buildReadme's default handling-behavior-behavior","         */","            options = {};","            local.buildReadme(options, onError);","        };","","        local.testCase_buildTest_default = local.testCase_buildTest_default || function (","            options,","            onError","        ) {","        /*","         * this function will test buildTest's default handling-behavior","         */","            options = {};","            local.buildTest(options, onError);","        };","","        local.testCase_webpage_default = local.testCase_webpage_default || function (","            options,","            onError","        ) {","        /*","         * this function will test webpage's default handling-behavior","         */","            options = { modeCoverageMerge: true, url: local.serverLocalHost + '?modeTest=1' };","            local.browserTest(options, onError);","        };","","        // run test-server","        local.testRunServer(local);","        break;","    }","}());",""],"l":{"12":2,"14":2,"19":2,"21":2,"23":2,"24":2,"25":2,"30":1,"37":2,"40":2,"43":1,"47":1,"50":1,"52":1,"55":2,"61":2,"62":2,"64":2,"70":1,"76":1,"82":2,"83":2,"85":2,"92":1,"95":1,"102":1,"109":1,"110":1,"113":1,"120":1,"121":1,"122":1,"123":1,"124":1,"125":1,"128":1,"133":2,"134":2,"137":1,"144":2,"145":2,"148":1,"155":2,"156":2,"159":1,"166":2,"167":2,"170":1,"177":1,"178":1,"182":1,"183":1}},"/home/travis/build/npmtest/node-npmtest-ansi-to-html/lib.npmtest_ansi_to_html.js":{"path":"/home/travis/build/npmtest/node-npmtest-ansi-to-html/lib.npmtest_ansi_to_html.js","s":{"1":2,"2":2,"3":2,"4":2,"5":2,"6":2,"7":2,"8":1,"9":2,"10":2,"11":2,"12":2,"13":1,"14":1,"15":1,"16":1},"b":{"1":[2,1,1,1],"2":[1,1,1,1],"3":[1,1],"4":[2,2],"5":[1,1]},"f":{"1":2,"2":2,"3":2},"fnMap":{"1":{"name":"(anonymous_1)","line":12,"loc":{"start":{"line":12,"column":1},"end":{"line":12,"column":13}}},"2":{"name":"(anonymous_2)","line":19,"loc":{"start":{"line":19,"column":5},"end":{"line":19,"column":17}}},"3":{"name":"(anonymous_3)","line":23,"loc":{"start":{"line":23,"column":24},"end":{"line":23,"column":36}}}},"statementMap":{"1":{"start":{"line":12,"column":0},"end":{"line":53,"column":5}},"2":{"start":{"line":14,"column":4},"end":{"line":14,"column":14}},"3":{"start":{"line":19,"column":4},"end":{"line":52,"column":9}},"4":{"start":{"line":21,"column":8},"end":{"line":21,"column":19}},"5":{"start":{"line":23,"column":8},"end":{"line":35,"column":13}},"6":{"start":{"line":24,"column":12},"end":{"line":34,"column":13}},"7":{"start":{"line":25,"column":16},"end":{"line":28,"column":30}},"8":{"start":{"line":30,"column":16},"end":{"line":33,"column":27}},"9":{"start":{"line":37,"column":8},"end":{"line":39,"column":21}},"10":{"start":{"line":41,"column":8},"end":{"line":41,"column":54}},"11":{"start":{"line":43,"column":8},"end":{"line":43,"column":57}},"12":{"start":{"line":45,"column":8},"end":{"line":51,"column":9}},"13":{"start":{"line":46,"column":12},"end":{"line":46,"column":63}},"14":{"start":{"line":48,"column":12},"end":{"line":48,"column":35}},"15":{"start":{"line":49,"column":12},"end":{"line":49,"column":49}},"16":{"start":{"line":50,"column":12},"end":{"line":50,"column":43}}},"branchMap":{"1":{"line":25,"type":"binary-expr","locations":[{"start":{"line":25,"column":23},"end":{"line":25,"column":62}},{"start":{"line":26,"column":20},"end":{"line":26,"column":70}},{"start":{"line":27,"column":20},"end":{"line":27,"column":71}},{"start":{"line":28,"column":20},"end":{"line":28,"column":29}}]},"2":{"line":30,"type":"binary-expr","locations":[{"start":{"line":30,"column":23},"end":{"line":30,"column":37}},{"start":{"line":31,"column":20},"end":{"line":31,"column":61}},{"start":{"line":32,"column":20},"end":{"line":32,"column":70}},{"start":{"line":33,"column":20},"end":{"line":33,"column":26}}]},"3":{"line":37,"type":"cond-expr","locations":[{"start":{"line":38,"column":14},"end":{"line":38,"column":20}},{"start":{"line":39,"column":14},"end":{"line":39,"column":20}}]},"4":{"line":41,"type":"binary-expr","locations":[{"start":{"line":41,"column":16},"end":{"line":41,"column":44}},{"start":{"line":41,"column":48},"end":{"line":41,"column":53}}]},"5":{"line":45,"type":"if","locations":[{"start":{"line":45,"column":8},"end":{"line":45,"column":8}},{"start":{"line":45,"column":8},"end":{"line":45,"column":8}}]}},"code":["/* istanbul instrument in package npmtest_ansi_to_html */","/*jslint","    bitwise: true,","    browser: true,","    maxerr: 8,","    maxlen: 96,","    node: true,","    nomen: true,","    regexp: true,","    stupid: true","*/","(function () {","    'use strict';","    var local;","","","","    // run shared js-env code - pre-init","    (function () {","        // init local","        local = {};","        // init modeJs","        local.modeJs = (function () {","            try {","                return typeof navigator.userAgent === 'string' &&","                    typeof document.querySelector('body') === 'object' &&","                    typeof XMLHttpRequest.prototype.open === 'function' &&","                    'browser';","            } catch (errorCaughtBrowser) {","                return module.exports &&","                    typeof process.versions.node === 'string' &&","                    typeof require('http').createServer === 'function' &&","                    'node';","            }","        }());","        // init global","        local.global = local.modeJs === 'browser'","            ? window","            : global;","        // init utility2_rollup","        local = local.global.utility2_rollup || local;","        // init lib","        local.local = local.npmtest_ansi_to_html = local;","        // init exports","        if (local.modeJs === 'browser') {","            local.global.utility2_npmtest_ansi_to_html = local;","        } else {","            module.exports = local;","            module.exports.__dirname = __dirname;","            module.exports.module = module;","        }","    }());","}());",""],"l":{"12":2,"14":2,"19":2,"21":2,"23":2,"24":2,"25":2,"30":1,"37":2,"41":2,"43":2,"45":2,"46":1,"48":1,"49":1,"50":1}},"/home/travis/build/npmtest/node-npmtest-ansi-to-html/example.js":{"path":"/home/travis/build/npmtest/node-npmtest-ansi-to-html/example.js","s":{"1":2,"2":2,"3":2,"4":2,"5":2,"6":2,"7":2,"8":1,"9":2,"10":2,"11":2,"12":2,"13":1,"14":2,"15":2,"16":2,"17":2,"18":2,"19":0,"20":2,"21":1,"22":1,"23":1,"24":1,"25":1,"26":0,"27":0,"28":1,"29":1,"30":2,"31":0,"32":0,"33":0,"34":1,"35":2,"36":2,"37":2,"38":2,"39":2,"40":2,"41":0,"42":2,"43":2,"44":2,"45":1,"46":3,"47":1,"48":1,"49":1,"50":1,"51":1,"52":1,"53":1,"54":1,"55":1,"56":1,"57":0,"58":1,"59":6,"60":6,"61":1,"62":2,"63":0,"64":2,"65":1,"66":1,"67":0,"68":0,"69":0,"70":0,"71":0,"72":0,"73":0,"74":0,"75":0,"76":0,"77":0,"78":0,"79":0,"80":0,"81":0,"82":0,"83":0},"b":{"1":[2,1,1,1],"2":[1,1,1,1],"3":[1,1],"4":[2,2],"5":[1,1],"6":[1,1],"7":[2,0],"8":[2,1,1,1,1,1],"9":[0,2,0],"10":[1,1],"11":[2,1,1],"12":[1,0],"13":[0,2],"14":[2,0,0,0,0,0,0],"15":[0,2],"16":[2,0],"17":[1,1],"18":[0,1],"19":[1,2,0,2],"20":[1,0],"21":[1,1],"22":[0,0],"23":[0,0],"24":[0,0],"25":[0,0],"26":[0,0],"27":[0,0],"28":[0,0]},"f":{"1":2,"2":2,"3":2,"4":2,"5":2,"6":2,"7":2,"8":2,"9":3,"10":1,"11":6,"12":0},"fnMap":{"1":{"name":"(anonymous_1)","line":26,"loc":{"start":{"line":26,"column":1},"end":{"line":26,"column":13}}},"2":{"name":"(anonymous_2)","line":33,"loc":{"start":{"line":33,"column":5},"end":{"line":33,"column":17}}},"3":{"name":"(anonymous_3)","line":37,"loc":{"start":{"line":37,"column":24},"end":{"line":37,"column":36}}},"4":{"name":"(anonymous_4)","line":69,"loc":{"start":{"line":69,"column":31},"end":{"line":69,"column":48}},"skip":true},"5":{"name":"(anonymous_5)","line":78,"loc":{"start":{"line":78,"column":26},"end":{"line":78,"column":45}},"skip":true},"6":{"name":"(anonymous_6)","line":123,"loc":{"start":{"line":123,"column":33},"end":{"line":123,"column":48}},"skip":true},"7":{"name":"(anonymous_7)","line":125,"loc":{"start":{"line":125,"column":27},"end":{"line":125,"column":39}},"skip":true},"8":{"name":"(anonymous_8)","line":133,"loc":{"start":{"line":133,"column":59},"end":{"line":133,"column":74}},"skip":true},"9":{"name":"(anonymous_9)","line":143,"loc":{"start":{"line":143,"column":45},"end":{"line":143,"column":62}},"skip":true},"10":{"name":"(anonymous_10)","line":144,"loc":{"start":{"line":144,"column":73},"end":{"line":144,"column":92}},"skip":true},"11":{"name":"(anonymous_11)","line":272,"loc":{"start":{"line":272,"column":51},"end":{"line":272,"column":77}},"skip":true},"12":{"name":"(anonymous_12)","line":314,"loc":{"start":{"line":314,"column":32},"end":{"line":314,"column":61}},"skip":true}},"statementMap":{"1":{"start":{"line":26,"column":0},"end":{"line":325,"column":5}},"2":{"start":{"line":28,"column":4},"end":{"line":28,"column":14}},"3":{"start":{"line":33,"column":4},"end":{"line":60,"column":9}},"4":{"start":{"line":35,"column":8},"end":{"line":35,"column":19}},"5":{"start":{"line":37,"column":8},"end":{"line":49,"column":13}},"6":{"start":{"line":38,"column":12},"end":{"line":48,"column":13}},"7":{"start":{"line":39,"column":16},"end":{"line":42,"column":30}},"8":{"start":{"line":44,"column":16},"end":{"line":47,"column":27}},"9":{"start":{"line":51,"column":8},"end":{"line":53,"column":21}},"10":{"start":{"line":55,"column":8},"end":{"line":57,"column":45}},"11":{"start":{"line":59,"column":8},"end":{"line":59,"column":35}},"12":{"start":{"line":61,"column":4},"end":{"line":324,"column":5}},"13":{"start":{"line":69,"column":8},"end":{"line":121,"column":10},"skip":true},"14":{"start":{"line":70,"column":12},"end":{"line":88,"column":13},"skip":true},"15":{"start":{"line":76,"column":16},"end":{"line":87,"column":19},"skip":true},"16":{"start":{"line":79,"column":20},"end":{"line":86,"column":21},"skip":true},"17":{"start":{"line":82,"column":24},"end":{"line":82,"column":43},"skip":true},"18":{"start":{"line":83,"column":24},"end":{"line":83,"column":30},"skip":true},"19":{"start":{"line":85,"column":24},"end":{"line":85,"column":49},"skip":true},"20":{"start":{"line":89,"column":12},"end":{"line":107,"column":13},"skip":true},"21":{"start":{"line":92,"column":16},"end":{"line":102,"column":17},"skip":true},"22":{"start":{"line":93,"column":20},"end":{"line":93,"column":86},"skip":true},"23":{"start":{"line":94,"column":20},"end":{"line":95,"column":45},"skip":true},"24":{"start":{"line":96,"column":20},"end":{"line":96,"column":42},"skip":true},"25":{"start":{"line":97,"column":20},"end":{"line":97,"column":48},"skip":true},"26":{"start":{"line":100,"column":20},"end":{"line":100,"column":85},"skip":true},"27":{"start":{"line":101,"column":20},"end":{"line":101,"column":96},"skip":true},"28":{"start":{"line":103,"column":16},"end":{"line":103,"column":22},"skip":true},"29":{"start":{"line":106,"column":16},"end":{"line":106,"column":22},"skip":true},"30":{"start":{"line":108,"column":12},"end":{"line":120,"column":13},"skip":true},"31":{"start":{"line":114,"column":16},"end":{"line":119,"column":17},"skip":true},"32":{"start":{"line":116,"column":20},"end":{"line":116,"column":78},"skip":true},"33":{"start":{"line":118,"column":20},"end":{"line":118,"column":47},"skip":true},"34":{"start":{"line":123,"column":8},"end":{"line":141,"column":11},"skip":true},"35":{"start":{"line":124,"column":12},"end":{"line":124,"column":54},"skip":true},"36":{"start":{"line":125,"column":12},"end":{"line":140,"column":14},"skip":true},"37":{"start":{"line":126,"column":16},"end":{"line":126,"column":28},"skip":true},"38":{"start":{"line":127,"column":16},"end":{"line":127,"column":69},"skip":true},"39":{"start":{"line":128,"column":16},"end":{"line":128,"column":75},"skip":true},"40":{"start":{"line":129,"column":16},"end":{"line":131,"column":17},"skip":true},"41":{"start":{"line":130,"column":20},"end":{"line":130,"column":27},"skip":true},"42":{"start":{"line":133,"column":16},"end":{"line":137,"column":36},"skip":true},"43":{"start":{"line":134,"column":20},"end":{"line":136,"column":55},"skip":true},"44":{"start":{"line":139,"column":16},"end":{"line":139,"column":57},"skip":true},"45":{"start":{"line":143,"column":8},"end":{"line":147,"column":11},"skip":true},"46":{"start":{"line":144,"column":12},"end":{"line":146,"column":15},"skip":true},"47":{"start":{"line":145,"column":16},"end":{"line":145,"column":70},"skip":true},"48":{"start":{"line":149,"column":8},"end":{"line":149,"column":31},"skip":true},"49":{"start":{"line":150,"column":8},"end":{"line":150,"column":14},"skip":true},"50":{"start":{"line":158,"column":8},"end":{"line":158,"column":31},"skip":true},"51":{"start":{"line":160,"column":8},"end":{"line":160,"column":33},"skip":true},"52":{"start":{"line":161,"column":8},"end":{"line":161,"column":37},"skip":true},"53":{"start":{"line":162,"column":8},"end":{"line":162,"column":35},"skip":true},"54":{"start":{"line":164,"column":8},"end":{"line":164,"column":50},"skip":true},"55":{"start":{"line":166,"column":8},"end":{"line":256,"column":2},"skip":true},"56":{"start":{"line":258,"column":8},"end":{"line":286,"column":9},"skip":true},"57":{"start":{"line":259,"column":12},"end":{"line":269,"column":14},"skip":true},"58":{"start":{"line":271,"column":12},"end":{"line":285,"column":19},"skip":true},"59":{"start":{"line":274,"column":20},"end":{"line":274,"column":35},"skip":true},"60":{"start":{"line":275,"column":20},"end":{"line":284,"column":21},"skip":true},"61":{"start":{"line":277,"column":24},"end":{"line":277,"column":64},"skip":true},"62":{"start":{"line":279,"column":24},"end":{"line":279,"column":40},"skip":true},"63":{"start":{"line":281,"column":24},"end":{"line":281,"column":40},"skip":true},"64":{"start":{"line":283,"column":24},"end":{"line":283,"column":39},"skip":true},"65":{"start":{"line":288,"column":8},"end":{"line":290,"column":9},"skip":true},"66":{"start":{"line":289,"column":12},"end":{"line":289,"column":18},"skip":true},"67":{"start":{"line":291,"column":8},"end":{"line":293,"column":54},"skip":true},"68":{"start":{"line":294,"column":8},"end":{"line":301,"column":37},"skip":true},"69":{"start":{"line":302,"column":8},"end":{"line":302,"column":82},"skip":true},"70":{"start":{"line":305,"column":8},"end":{"line":307,"column":9},"skip":true},"71":{"start":{"line":306,"column":12},"end":{"line":306,"column":82},"skip":true},"72":{"start":{"line":309,"column":8},"end":{"line":311,"column":9},"skip":true},"73":{"start":{"line":310,"column":12},"end":{"line":310,"column":18},"skip":true},"74":{"start":{"line":312,"column":8},"end":{"line":312,"column":54},"skip":true},"75":{"start":{"line":313,"column":8},"end":{"line":313,"column":69},"skip":true},"76":{"start":{"line":314,"column":8},"end":{"line":322,"column":36},"skip":true},"77":{"start":{"line":315,"column":12},"end":{"line":315,"column":61},"skip":true},"78":{"start":{"line":316,"column":12},"end":{"line":319,"column":13},"skip":true},"79":{"start":{"line":317,"column":16},"end":{"line":317,"column":75},"skip":true},"80":{"start":{"line":318,"column":16},"end":{"line":318,"column":23},"skip":true},"81":{"start":{"line":320,"column":12},"end":{"line":320,"column":38},"skip":true},"82":{"start":{"line":321,"column":12},"end":{"line":321,"column":27},"skip":true},"83":{"start":{"line":323,"column":8},"end":{"line":323,"column":14},"skip":true}},"branchMap":{"1":{"line":39,"type":"binary-expr","locations":[{"start":{"line":39,"column":23},"end":{"line":39,"column":62}},{"start":{"line":40,"column":20},"end":{"line":40,"column":70}},{"start":{"line":41,"column":20},"end":{"line":41,"column":71}},{"start":{"line":42,"column":20},"end":{"line":42,"column":29}}]},"2":{"line":44,"type":"binary-expr","locations":[{"start":{"line":44,"column":23},"end":{"line":44,"column":37}},{"start":{"line":45,"column":20},"end":{"line":45,"column":61}},{"start":{"line":46,"column":20},"end":{"line":46,"column":70}},{"start":{"line":47,"column":20},"end":{"line":47,"column":26}}]},"3":{"line":51,"type":"cond-expr","locations":[{"start":{"line":52,"column":14},"end":{"line":52,"column":20}},{"start":{"line":53,"column":14},"end":{"line":53,"column":20}}]},"4":{"line":55,"type":"binary-expr","locations":[{"start":{"line":55,"column":16},"end":{"line":55,"column":44}},{"start":{"line":55,"column":49},"end":{"line":57,"column":43}}]},"5":{"line":55,"type":"cond-expr","locations":[{"start":{"line":56,"column":14},"end":{"line":56,"column":56}},{"start":{"line":57,"column":14},"end":{"line":57,"column":43}}]},"6":{"line":61,"type":"switch","locations":[{"start":{"line":68,"column":4},"end":{"line":150,"column":14},"skip":true},{"start":{"line":156,"column":4},"end":{"line":323,"column":14},"skip":true}]},"7":{"line":70,"type":"if","locations":[{"start":{"line":70,"column":12},"end":{"line":70,"column":12},"skip":true},{"start":{"line":70,"column":12},"end":{"line":70,"column":12},"skip":true}]},"8":{"line":70,"type":"binary-expr","locations":[{"start":{"line":70,"column":16},"end":{"line":70,"column":22},"skip":true},{"start":{"line":70,"column":27},"end":{"line":70,"column":32},"skip":true},{"start":{"line":71,"column":20},"end":{"line":71,"column":39},"skip":true},{"start":{"line":72,"column":20},"end":{"line":72,"column":49},"skip":true},{"start":{"line":73,"column":20},"end":{"line":73,"column":58},"skip":true},{"start":{"line":74,"column":20},"end":{"line":74,"column":69},"skip":true}]},"9":{"line":79,"type":"switch","locations":[{"start":{"line":80,"column":20},"end":{"line":80,"column":33},"skip":true},{"start":{"line":81,"column":20},"end":{"line":83,"column":30},"skip":true},{"start":{"line":84,"column":20},"end":{"line":85,"column":49},"skip":true}]},"10":{"line":89,"type":"switch","locations":[{"start":{"line":90,"column":12},"end":{"line":103,"column":22},"skip":true},{"start":{"line":105,"column":12},"end":{"line":106,"column":22},"skip":true}]},"11":{"line":89,"type":"binary-expr","locations":[{"start":{"line":89,"column":20},"end":{"line":89,"column":25},"skip":true},{"start":{"line":89,"column":29},"end":{"line":89,"column":48},"skip":true},{"start":{"line":89,"column":52},"end":{"line":89,"column":74},"skip":true}]},"12":{"line":92,"type":"if","locations":[{"start":{"line":92,"column":16},"end":{"line":92,"column":16},"skip":true},{"start":{"line":92,"column":16},"end":{"line":92,"column":16},"skip":true}]},"13":{"line":108,"type":"if","locations":[{"start":{"line":108,"column":12},"end":{"line":108,"column":12},"skip":true},{"start":{"line":108,"column":12},"end":{"line":108,"column":12},"skip":true}]},"14":{"line":108,"type":"binary-expr","locations":[{"start":{"line":108,"column":16},"end":{"line":108,"column":61},"skip":true},{"start":{"line":108,"column":66},"end":{"line":108,"column":72},"skip":true},{"start":{"line":108,"column":77},"end":{"line":108,"column":82},"skip":true},{"start":{"line":109,"column":20},"end":{"line":109,"column":39},"skip":true},{"start":{"line":110,"column":20},"end":{"line":110,"column":49},"skip":true},{"start":{"line":111,"column":20},"end":{"line":111,"column":58},"skip":true},{"start":{"line":112,"column":20},"end":{"line":112,"column":68},"skip":true}]},"15":{"line":129,"type":"if","locations":[{"start":{"line":129,"column":16},"end":{"line":129,"column":16},"skip":true},{"start":{"line":129,"column":16},"end":{"line":129,"column":16},"skip":true}]},"16":{"line":134,"type":"cond-expr","locations":[{"start":{"line":135,"column":26},"end":{"line":135,"column":29},"skip":true},{"start":{"line":136,"column":26},"end":{"line":136,"column":54},"skip":true}]},"17":{"line":164,"type":"binary-expr","locations":[{"start":{"line":164,"column":27},"end":{"line":164,"column":43},"skip":true},{"start":{"line":164,"column":47},"end":{"line":164,"column":49},"skip":true}]},"18":{"line":258,"type":"if","locations":[{"start":{"line":258,"column":8},"end":{"line":258,"column":8},"skip":true},{"start":{"line":258,"column":8},"end":{"line":258,"column":8},"skip":true}]},"19":{"line":275,"type":"switch","locations":[{"start":{"line":276,"column":20},"end":{"line":277,"column":64},"skip":true},{"start":{"line":278,"column":20},"end":{"line":279,"column":40},"skip":true},{"start":{"line":280,"column":20},"end":{"line":281,"column":40},"skip":true},{"start":{"line":282,"column":20},"end":{"line":283,"column":39},"skip":true}]},"20":{"line":288,"type":"if","locations":[{"start":{"line":288,"column":8},"end":{"line":288,"column":8},"skip":true},{"start":{"line":288,"column":8},"end":{"line":288,"column":8},"skip":true}]},"21":{"line":288,"type":"binary-expr","locations":[{"start":{"line":288,"column":12},"end":{"line":288,"column":40},"skip":true},{"start":{"line":288,"column":44},"end":{"line":288,"column":67},"skip":true}]},"22":{"line":292,"type":"binary-expr","locations":[{"start":{"line":292,"column":12},"end":{"line":292,"column":50},"skip":true},{"start":{"line":293,"column":12},"end":{"line":293,"column":53},"skip":true}]},"23":{"line":295,"type":"binary-expr","locations":[{"start":{"line":295,"column":12},"end":{"line":295,"column":70},"skip":true},{"start":{"line":296,"column":12},"end":{"line":301,"column":36},"skip":true}]},"24":{"line":302,"type":"binary-expr","locations":[{"start":{"line":302,"column":43},"end":{"line":302,"column":75},"skip":true},{"start":{"line":302,"column":79},"end":{"line":302,"column":81},"skip":true}]},"25":{"line":305,"type":"if","locations":[{"start":{"line":305,"column":8},"end":{"line":305,"column":8},"skip":true},{"start":{"line":305,"column":8},"end":{"line":305,"column":8},"skip":true}]},"26":{"line":309,"type":"if","locations":[{"start":{"line":309,"column":8},"end":{"line":309,"column":8},"skip":true},{"start":{"line":309,"column":8},"end":{"line":309,"column":8},"skip":true}]},"27":{"line":312,"type":"binary-expr","locations":[{"start":{"line":312,"column":27},"end":{"line":312,"column":43},"skip":true},{"start":{"line":312,"column":47},"end":{"line":312,"column":53},"skip":true}]},"28":{"line":316,"type":"if","locations":[{"start":{"line":316,"column":12},"end":{"line":316,"column":12},"skip":true},{"start":{"line":316,"column":12},"end":{"line":316,"column":12},"skip":true}]}},"code":["/*","example.js","","quickstart example","","instruction","    1. save this script as example.js","    2. run the shell command:","        $ npm install npmtest-ansi-to-html && PORT=8081 node example.js","    3. play with the browser-demo on http://127.0.0.1:8081","*/","","","","/* istanbul instrument in package npmtest_ansi_to_html */","/*jslint","    bitwise: true,","    browser: true,","    maxerr: 8,","    maxlen: 96,","    node: true,","    nomen: true,","    regexp: true,","    stupid: true","*/","(function () {","    'use strict';","    var local;","","","","    // run shared js-env code - pre-init","    (function () {","        // init local","        local = {};","        // init modeJs","        local.modeJs = (function () {","            try {","                return typeof navigator.userAgent === 'string' &&","                    typeof document.querySelector('body') === 'object' &&","                    typeof XMLHttpRequest.prototype.open === 'function' &&","                    'browser';","            } catch (errorCaughtBrowser) {","                return module.exports &&","                    typeof process.versions.node === 'string' &&","                    typeof require('http').createServer === 'function' &&","                    'node';","            }","        }());","        // init global","        local.global = local.modeJs === 'browser'","            ? window","            : global;","        // init utility2_rollup","        local = local.global.utility2_rollup || (local.modeJs === 'browser'","            ? local.global.utility2_npmtest_ansi_to_html","            : global.utility2_moduleExports);","        // export local","        local.global.local = local;","    }());","    switch (local.modeJs) {","","","","    // post-init","    // run browser js-env code - post-init","    /* istanbul ignore next */","    case 'browser':","        local.testRunBrowser = function (event) {","            if (!event || (event &&","                    event.currentTarget &&","                    event.currentTarget.className &&","                    event.currentTarget.className.includes &&","                    event.currentTarget.className.includes('onreset'))) {","                // reset output","                Array.from(","                    document.querySelectorAll('body > .resettable')","                ).forEach(function (element) {","                    switch (element.tagName) {","                    case 'INPUT':","                    case 'TEXTAREA':","                        element.value = '';","                        break;","                    default:","                        element.textContent = '';","                    }","                });","            }","            switch (event && event.currentTarget && event.currentTarget.id) {","            case 'testRunButton1':","                // show tests","                if (document.querySelector('#testReportDiv1').style.display === 'none') {","                    document.querySelector('#testReportDiv1').style.display = 'block';","                    document.querySelector('#testRunButton1').textContent =","                        'hide internal test';","                    local.modeTest = true;","                    local.testRunDefault(local);","                // hide tests","                } else {","                    document.querySelector('#testReportDiv1').style.display = 'none';","                    document.querySelector('#testRunButton1').textContent = 'run internal test';","                }","                break;","            // custom-case","            default:","                break;","            }","            if (document.querySelector('#inputTextareaEval1') && (!event || (event &&","                    event.currentTarget &&","                    event.currentTarget.className &&","                    event.currentTarget.className.includes &&","                    event.currentTarget.className.includes('oneval')))) {","                // try to eval input-code","                try {","                    /*jslint evil: true*/","                    eval(document.querySelector('#inputTextareaEval1').value);","                } catch (errorCaught) {","                    console.error(errorCaught);","                }","            }","        };","        // log stderr and stdout to #outputTextareaStdout1","        ['error', 'log'].forEach(function (key) {","            console[key + '_original'] = console[key];","            console[key] = function () {","                var element;","                console[key + '_original'].apply(console, arguments);","                element = document.querySelector('#outputTextareaStdout1');","                if (!element) {","                    return;","                }","                // append text to #outputTextareaStdout1","                element.value += Array.from(arguments).map(function (arg) {","                    return typeof arg === 'string'","                        ? arg","                        : JSON.stringify(arg, null, 4);","                }).join(' ') + '\\n';","                // scroll textarea to bottom","                element.scrollTop = element.scrollHeight;","            };","        });","        // init event-handling","        ['change', 'click', 'keyup'].forEach(function (event) {","            Array.from(document.querySelectorAll('.on' + event)).forEach(function (element) {","                element.addEventListener(event, local.testRunBrowser);","            });","        });","        // run tests","        local.testRunBrowser();","        break;","","","","    // run node js-env code - post-init","    /* istanbul ignore next */","    case 'node':","        // export local","        module.exports = local;","        // require modules","        local.fs = require('fs');","        local.http = require('http');","        local.url = require('url');","        // init assets","        local.assetsDict = local.assetsDict || {};","        /* jslint-ignore-begin */","        local.assetsDict['/assets.index.template.html'] = '\\","<!doctype html>\\n\\","<html lang=\"en\">\\n\\","<head>\\n\\","<meta charset=\"UTF-8\">\\n\\","<meta name=\"viewport\" content=\"width=device-width, initial-scale=1\">\\n\\","<title>{{env.npm_package_name}} (v{{env.npm_package_version}})</title>\\n\\","<style>\\n\\","/*csslint\\n\\","    box-sizing: false,\\n\\","    universal-selector: false\\n\\","*/\\n\\","* {\\n\\","    box-sizing: border-box;\\n\\","}\\n\\","body {\\n\\","    background: #dde;\\n\\","    font-family: Arial, Helvetica, sans-serif;\\n\\","    margin: 2rem;\\n\\","}\\n\\","body > * {\\n\\","    margin-bottom: 1rem;\\n\\","}\\n\\",".utility2FooterDiv {\\n\\","    margin-top: 20px;\\n\\","    text-align: center;\\n\\","}\\n\\","</style>\\n\\","<style>\\n\\","/*csslint\\n\\","*/\\n\\","textarea {\\n\\","    font-family: monospace;\\n\\","    height: 10rem;\\n\\","    width: 100%;\\n\\","}\\n\\","textarea[readonly] {\\n\\","    background: #ddd;\\n\\","}\\n\\","</style>\\n\\","</head>\\n\\","<body>\\n\\","<!-- utility2-comment\\n\\","<div id=\"ajaxProgressDiv1\" style=\"background: #d00; height: 2px; left: 0; margin: 0; padding: 0; position: fixed; top: 0; transition: background 0.5s, width 1.5s; width: 25%;\"></div>\\n\\","utility2-comment -->\\n\\","<h1>\\n\\","<!-- utility2-comment\\n\\","    <a\\n\\","        {{#if env.npm_package_homepage}}\\n\\","        href=\"{{env.npm_package_homepage}}\"\\n\\","        {{/if env.npm_package_homepage}}\\n\\","        target=\"_blank\"\\n\\","    >\\n\\","utility2-comment -->\\n\\","        {{env.npm_package_name}} (v{{env.npm_package_version}})\\n\\","<!-- utility2-comment\\n\\","    </a>\\n\\","utility2-comment -->\\n\\","</h1>\\n\\","<h3>{{env.npm_package_description}}</h3>\\n\\","<!-- utility2-comment\\n\\","<h4><a download href=\"assets.app.js\">download standalone app</a></h4>\\n\\","<button class=\"onclick onreset\" id=\"testRunButton1\">run internal test</button><br>\\n\\","<div id=\"testReportDiv1\" style=\"display: none;\"></div>\\n\\","utility2-comment -->\\n\\","\\n\\","\\n\\","\\n\\","<label>stderr and stdout</label>\\n\\","<textarea class=\"resettable\" id=\"outputTextareaStdout1\" readonly></textarea>\\n\\","<!-- utility2-comment\\n\\","{{#if isRollup}}\\n\\","<script src=\"assets.app.js\"></script>\\n\\","{{#unless isRollup}}\\n\\","utility2-comment -->\\n\\","<script src=\"assets.utility2.rollup.js\"></script>\\n\\","<script src=\"jsonp.utility2._stateInit?callback=window.utility2._stateInit\"></script>\\n\\","<script src=\"assets.npmtest_ansi_to_html.rollup.js\"></script>\\n\\","<script src=\"assets.example.js\"></script>\\n\\","<script src=\"assets.test.js\"></script>\\n\\","<!-- utility2-comment\\n\\","{{/if isRollup}}\\n\\","utility2-comment -->\\n\\","<div class=\"utility2FooterDiv\">\\n\\","    [ this app was created with\\n\\","    <a href=\"https://github.com/kaizhu256/node-utility2\" target=\"_blank\">utility2</a>\\n\\","    ]\\n\\","</div>\\n\\","</body>\\n\\","</html>\\n\\","';","        /* jslint-ignore-end */","        if (local.templateRender) {","            local.assetsDict['/'] = local.templateRender(","                local.assetsDict['/assets.index.template.html'],","                {","                    env: local.objectSetDefault(local.env, {","                        npm_package_description: 'the greatest app in the world!',","                        npm_package_name: 'my-app',","                        npm_package_nameAlias: 'my_app',","                        npm_package_version: '0.0.1'","                    })","                }","            );","        } else {","            local.assetsDict['/'] = local.assetsDict['/assets.index.template.html']","                .replace((/\\{\\{env\\.(\\w+?)\\}\\}/g), function (match0, match1) {","                    // jslint-hack","                    String(match0);","                    switch (match1) {","                    case 'npm_package_description':","                        return 'the greatest app in the world!';","                    case 'npm_package_name':","                        return 'my-app';","                    case 'npm_package_nameAlias':","                        return 'my_app';","                    case 'npm_package_version':","                        return '0.0.1';","                    }","                });","        }","        // run the cli","        if (local.global.utility2_rollup || module !== require.main) {","            break;","        }","        local.assetsDict['/assets.example.js'] =","            local.assetsDict['/assets.example.js'] ||","            local.fs.readFileSync(__filename, 'utf8');","        local.assetsDict['/assets.npmtest_ansi_to_html.rollup.js'] =","            local.assetsDict['/assets.npmtest_ansi_to_html.rollup.js'] ||","            local.fs.readFileSync(","                // buildCustomOrg-hack","                local.npmtest_ansi_to_html.__dirname +","                    '/lib.npmtest_ansi_to_html.js',","                'utf8'","            ).replace((/^#!/), '//');","        local.assetsDict['/favicon.ico'] = local.assetsDict['/favicon.ico'] || '';","        // if $npm_config_timeout_exit exists,","        // then exit this process after $npm_config_timeout_exit ms","        if (Number(process.env.npm_config_timeout_exit)) {","            setTimeout(process.exit, Number(process.env.npm_config_timeout_exit));","        }","        // start server","        if (local.global.utility2_serverHttp1) {","            break;","        }","        process.env.PORT = process.env.PORT || '8081';","        console.error('server starting on port ' + process.env.PORT);","        local.http.createServer(function (request, response) {","            request.urlParsed = local.url.parse(request.url);","            if (local.assetsDict[request.urlParsed.pathname] !== undefined) {","                response.end(local.assetsDict[request.urlParsed.pathname]);","                return;","            }","            response.statusCode = 404;","            response.end();","        }).listen(process.env.PORT);","        break;","    }","}());",""],"l":{"26":2,"28":2,"33":2,"35":2,"37":2,"38":2,"39":2,"44":1,"51":2,"55":2,"59":2,"61":2,"69":1,"70":2,"76":2,"79":2,"82":2,"83":2,"85":1,"89":2,"92":1,"93":1,"94":1,"96":1,"97":1,"100":1,"101":1,"103":1,"106":1,"108":2,"114":1,"116":1,"118":1,"123":1,"124":2,"125":2,"126":2,"127":2,"128":2,"129":2,"130":1,"133":2,"134":2,"139":2,"143":1,"144":3,"145":1,"149":1,"150":1,"158":1,"160":1,"161":1,"162":1,"164":1,"166":1,"258":1,"259":1,"271":1,"274":6,"275":6,"277":1,"279":2,"281":1,"283":2,"288":1,"289":1,"291":1,"294":1,"302":1,"305":1,"306":1,"309":1,"310":1,"312":1,"313":1,"314":1,"315":1,"316":1,"317":1,"318":1,"320":1,"321":1,"323":1}},"/home/travis/build/npmtest/node-npmtest-ansi-to-html/node_modules/ansi-to-html/lib/ansi_to_html.js":{"path":"/home/travis/build/npmtest/node-npmtest-ansi-to-html/node_modules/ansi-to-html/lib/ansi_to_html.js","s":{"1":1,"2":1,"3":1,"4":1,"5":1,"6":6,"7":36,"8":216,"9":1,"10":24,"11":24,"12":24,"13":1,"14":1,"15":216,"16":216,"17":216,"18":216,"19":216,"20":1,"21":672,"22":672,"23":109,"24":672,"25":1,"26":216,"27":216,"28":648,"29":216,"30":1,"31":0,"32":0,"33":0,"34":0,"35":0,"36":0,"37":0,"38":0,"39":1,"40":0,"41":0,"42":0,"43":0,"44":0,"45":0,"46":0,"47":0,"48":0,"49":0,"50":0,"51":0,"52":0,"53":0,"54":0,"55":0,"56":0,"57":0,"58":0,"59":0,"60":0,"61":0,"62":0,"63":0,"64":0,"65":0,"66":0,"67":0,"68":1,"69":0,"70":0,"71":0,"72":0,"73":1,"74":44,"75":44,"76":282,"77":44,"78":1,"79":0,"80":0,"81":1,"82":0,"83":0,"84":0,"85":0,"86":0,"87":0,"88":0,"89":0,"90":0,"91":0,"92":0,"93":0,"94":0,"95":0,"96":0,"97":0,"98":0,"99":0,"100":0,"101":1,"102":0,"103":0,"104":0,"105":1,"106":0,"107":0,"108":0,"109":0,"110":1,"111":0,"112":1,"113":0,"114":1,"115":0,"116":1,"117":0,"118":0,"119":0,"120":0,"121":0,"122":1,"123":0,"124":0,"125":1,"126":0,"127":1,"128":0,"129":0,"130":1,"131":0,"132":0,"133":0,"134":0,"135":1,"136":0,"137":0,"138":0,"139":0,"140":0,"141":0,"142":0,"143":1,"144":0,"145":0,"146":0,"147":1,"148":0,"149":0,"150":0,"151":0,"152":0,"153":0,"154":0,"155":0,"156":0,"157":0,"158":0,"159":0,"160":0,"161":0,"162":0,"163":0,"164":1,"165":0,"166":0,"167":0,"168":0,"169":1,"170":0,"171":0,"172":0,"173":0,"174":0,"175":0,"176":1,"177":0,"178":0,"179":0,"180":0,"181":0,"182":0,"183":0,"184":0,"185":0,"186":0,"187":0,"188":0,"189":0,"190":0,"191":0,"192":0,"193":0,"194":1},"b":{"1":[180,36],"2":[180,36],"3":[180,36],"4":[0,0],"5":[0,0],"6":[0,0],"7":[0,0],"8":[0,0],"9":[0,0],"10":[0,0],"11":[0,0],"12":[0,0],"13":[0,0],"14":[0,0],"15":[0,0],"16":[0,0],"17":[0,0],"18":[0,0],"19":[0,0,0],"20":[0,0],"21":[0,0],"22":[0,0],"23":[0,0],"24":[0,0],"25":[0,0],"26":[0,0],"27":[0,0],"28":[0,0],"29":[0,0,0,0,0],"30":[0,0],"31":[0,0,0,0,0],"32":[0,0],"33":[0,0],"34":[0,0],"35":[0,0],"36":[0,0],"37":[0,0],"38":[0,0],"39":[0,0],"40":[0,0],"41":[0,0],"42":[0,0],"43":[0,0],"44":[0,0],"45":[0,0],"46":[0,0],"47":[0,0],"48":[0,0],"49":[0,0]},"f":{"1":1,"2":24,"3":216,"4":672,"5":216,"6":0,"7":0,"8":0,"9":0,"10":44,"11":0,"12":0,"13":0,"14":0,"15":0,"16":0,"17":0,"18":0,"19":0,"20":0,"21":0,"22":0,"23":0,"24":0,"25":0,"26":0,"27":0,"28":0,"29":0},"fnMap":{"1":{"name":"getDefaultColors","line":11,"loc":{"start":{"line":11,"column":0},"end":{"line":11,"column":28}}},"2":{"name":"(anonymous_2)","line":37,"loc":{"start":{"line":37,"column":25},"end":{"line":37,"column":41}}},"3":{"name":"setStyleColor","line":53,"loc":{"start":{"line":53,"column":0},"end":{"line":53,"column":49}}},"4":{"name":"toHexString","line":67,"loc":{"start":{"line":67,"column":0},"end":{"line":67,"column":26}}},"5":{"name":"toColorHexString","line":82,"loc":{"start":{"line":82,"column":0},"end":{"line":82,"column":31}}},"6":{"name":"generateOutput","line":98,"loc":{"start":{"line":98,"column":0},"end":{"line":98,"column":53}}},"7":{"name":"handleDisplay","line":118,"loc":{"start":{"line":118,"column":0},"end":{"line":118,"column":45}}},"8":{"name":"resetStyles","line":158,"loc":{"start":{"line":158,"column":0},"end":{"line":158,"column":28}}},"9":{"name":"(anonymous_9)","line":163,"loc":{"start":{"line":163,"column":36},"end":{"line":163,"column":51}}},"10":{"name":"range","line":175,"loc":{"start":{"line":175,"column":0},"end":{"line":175,"column":26}}},"11":{"name":"notCategory","line":192,"loc":{"start":{"line":192,"column":0},"end":{"line":192,"column":31}}},"12":{"name":"(anonymous_12)","line":193,"loc":{"start":{"line":193,"column":11},"end":{"line":193,"column":24}}},"13":{"name":"categoryForCode","line":203,"loc":{"start":{"line":203,"column":0},"end":{"line":203,"column":31}}},"14":{"name":"pushText","line":233,"loc":{"start":{"line":233,"column":0},"end":{"line":233,"column":33}}},"15":{"name":"pushTag","line":247,"loc":{"start":{"line":247,"column":0},"end":{"line":247,"column":36}}},"16":{"name":"pushStyle","line":262,"loc":{"start":{"line":262,"column":0},"end":{"line":262,"column":34}}},"17":{"name":"pushForegroundColor","line":266,"loc":{"start":{"line":266,"column":0},"end":{"line":266,"column":43}}},"18":{"name":"pushBackgroundColor","line":270,"loc":{"start":{"line":270,"column":0},"end":{"line":270,"column":43}}},"19":{"name":"closeTag","line":279,"loc":{"start":{"line":279,"column":0},"end":{"line":279,"column":32}}},"20":{"name":"tokenize","line":297,"loc":{"start":{"line":297,"column":0},"end":{"line":297,"column":43}}},"21":{"name":"remove","line":301,"loc":{"start":{"line":301,"column":4},"end":{"line":301,"column":22}}},"22":{"name":"removeXterm256","line":305,"loc":{"start":{"line":305,"column":4},"end":{"line":305,"column":35}}},"23":{"name":"newline","line":310,"loc":{"start":{"line":310,"column":4},"end":{"line":310,"column":24}}},"24":{"name":"ansiMess","line":320,"loc":{"start":{"line":320,"column":4},"end":{"line":320,"column":29}}},"25":{"name":"realText","line":335,"loc":{"start":{"line":335,"column":4},"end":{"line":335,"column":25}}},"26":{"name":"process","line":365,"loc":{"start":{"line":365,"column":4},"end":{"line":365,"column":33}}},"27":{"name":"updateStickyStack","line":405,"loc":{"start":{"line":405,"column":0},"end":{"line":405,"column":53}}},"28":{"name":"Filter","line":414,"loc":{"start":{"line":414,"column":0},"end":{"line":414,"column":25}}},"29":{"name":"(anonymous_29)","line":427,"loc":{"start":{"line":427,"column":11},"end":{"line":427,"column":19}}}},"statementMap":{"1":{"start":{"line":1,"column":0},"end":{"line":1,"column":37}},"2":{"start":{"line":2,"column":0},"end":{"line":9,"column":2}},"3":{"start":{"line":11,"column":0},"end":{"line":45,"column":1}},"4":{"start":{"line":12,"column":4},"end":{"line":29,"column":6}},"5":{"start":{"line":31,"column":4},"end":{"line":35,"column":7}},"6":{"start":{"line":32,"column":8},"end":{"line":34,"column":11}},"7":{"start":{"line":33,"column":12},"end":{"line":33,"column":81}},"8":{"start":{"line":33,"column":40},"end":{"line":33,"column":79}},"9":{"start":{"line":37,"column":4},"end":{"line":42,"column":7}},"10":{"start":{"line":38,"column":8},"end":{"line":38,"column":29}},"11":{"start":{"line":39,"column":8},"end":{"line":39,"column":45}},"12":{"start":{"line":41,"column":8},"end":{"line":41,"column":36}},"13":{"start":{"line":44,"column":4},"end":{"line":44,"column":18}},"14":{"start":{"line":53,"column":0},"end":{"line":60,"column":1}},"15":{"start":{"line":54,"column":4},"end":{"line":54,"column":51}},"16":{"start":{"line":55,"column":4},"end":{"line":55,"column":42}},"17":{"start":{"line":56,"column":4},"end":{"line":56,"column":46}},"18":{"start":{"line":57,"column":4},"end":{"line":57,"column":44}},"19":{"start":{"line":59,"column":4},"end":{"line":59,"column":44}},"20":{"start":{"line":67,"column":0},"end":{"line":75,"column":1}},"21":{"start":{"line":68,"column":4},"end":{"line":68,"column":31}},"22":{"start":{"line":70,"column":4},"end":{"line":72,"column":5}},"23":{"start":{"line":71,"column":8},"end":{"line":71,"column":24}},"24":{"start":{"line":74,"column":4},"end":{"line":74,"column":15}},"25":{"start":{"line":82,"column":0},"end":{"line":90,"column":1}},"26":{"start":{"line":83,"column":4},"end":{"line":83,"column":21}},"27":{"start":{"line":85,"column":4},"end":{"line":87,"column":5}},"28":{"start":{"line":86,"column":8},"end":{"line":86,"column":42}},"29":{"start":{"line":89,"column":4},"end":{"line":89,"column":34}},"30":{"start":{"line":98,"column":0},"end":{"line":110,"column":1}},"31":{"start":{"line":99,"column":4},"end":{"line":99,"column":15}},"32":{"start":{"line":101,"column":4},"end":{"line":107,"column":5}},"33":{"start":{"line":102,"column":8},"end":{"line":102,"column":41}},"34":{"start":{"line":103,"column":11},"end":{"line":107,"column":5}},"35":{"start":{"line":104,"column":8},"end":{"line":104,"column":53}},"36":{"start":{"line":105,"column":11},"end":{"line":107,"column":5}},"37":{"start":{"line":106,"column":8},"end":{"line":106,"column":66}},"38":{"start":{"line":109,"column":4},"end":{"line":109,"column":18}},"39":{"start":{"line":118,"column":0},"end":{"line":152,"column":1}},"40":{"start":{"line":119,"column":4},"end":{"line":119,"column":30}},"41":{"start":{"line":120,"column":4},"end":{"line":120,"column":15}},"42":{"start":{"line":122,"column":4},"end":{"line":135,"column":6}},"43":{"start":{"line":123,"column":20},"end":{"line":123,"column":27}},"44":{"start":{"line":124,"column":17},"end":{"line":124,"column":51}},"45":{"start":{"line":125,"column":17},"end":{"line":125,"column":36}},"46":{"start":{"line":126,"column":17},"end":{"line":126,"column":36}},"47":{"start":{"line":127,"column":17},"end":{"line":127,"column":36}},"48":{"start":{"line":128,"column":17},"end":{"line":128,"column":49}},"49":{"start":{"line":129,"column":17},"end":{"line":129,"column":41}},"50":{"start":{"line":130,"column":18},"end":{"line":130,"column":38}},"51":{"start":{"line":131,"column":18},"end":{"line":131,"column":38}},"52":{"start":{"line":132,"column":18},"end":{"line":132,"column":38}},"53":{"start":{"line":133,"column":18},"end":{"line":133,"column":56}},"54":{"start":{"line":134,"column":18},"end":{"line":134,"column":56}},"55":{"start":{"line":137,"column":4},"end":{"line":149,"column":5}},"56":{"start":{"line":138,"column":8},"end":{"line":138,"column":33}},"57":{"start":{"line":139,"column":11},"end":{"line":149,"column":5}},"58":{"start":{"line":140,"column":8},"end":{"line":140,"column":41}},"59":{"start":{"line":141,"column":11},"end":{"line":149,"column":5}},"60":{"start":{"line":142,"column":8},"end":{"line":142,"column":71}},"61":{"start":{"line":143,"column":11},"end":{"line":149,"column":5}},"62":{"start":{"line":144,"column":8},"end":{"line":144,"column":71}},"63":{"start":{"line":145,"column":11},"end":{"line":149,"column":5}},"64":{"start":{"line":146,"column":8},"end":{"line":146,"column":77}},"65":{"start":{"line":147,"column":11},"end":{"line":149,"column":5}},"66":{"start":{"line":148,"column":8},"end":{"line":148,"column":78}},"67":{"start":{"line":151,"column":4},"end":{"line":151,"column":18}},"68":{"start":{"line":158,"column":0},"end":{"line":166,"column":1}},"69":{"start":{"line":159,"column":4},"end":{"line":159,"column":36}},"70":{"start":{"line":161,"column":4},"end":{"line":161,"column":21}},"71":{"start":{"line":163,"column":4},"end":{"line":165,"column":16}},"72":{"start":{"line":164,"column":8},"end":{"line":164,"column":32}},"73":{"start":{"line":175,"column":0},"end":{"line":183,"column":1}},"74":{"start":{"line":176,"column":4},"end":{"line":176,"column":23}},"75":{"start":{"line":178,"column":4},"end":{"line":180,"column":5}},"76":{"start":{"line":179,"column":8},"end":{"line":179,"column":24}},"77":{"start":{"line":182,"column":4},"end":{"line":182,"column":19}},"78":{"start":{"line":192,"column":0},"end":{"line":196,"column":1}},"79":{"start":{"line":193,"column":4},"end":{"line":195,"column":6}},"80":{"start":{"line":194,"column":8},"end":{"line":194,"column":84}},"81":{"start":{"line":203,"column":0},"end":{"line":226,"column":1}},"82":{"start":{"line":204,"column":4},"end":{"line":204,"column":30}},"83":{"start":{"line":205,"column":4},"end":{"line":205,"column":22}},"84":{"start":{"line":207,"column":4},"end":{"line":223,"column":5}},"85":{"start":{"line":208,"column":8},"end":{"line":208,"column":23}},"86":{"start":{"line":209,"column":11},"end":{"line":223,"column":5}},"87":{"start":{"line":210,"column":8},"end":{"line":210,"column":24}},"88":{"start":{"line":211,"column":11},"end":{"line":223,"column":5}},"89":{"start":{"line":212,"column":8},"end":{"line":212,"column":29}},"90":{"start":{"line":213,"column":11},"end":{"line":223,"column":5}},"91":{"start":{"line":214,"column":8},"end":{"line":214,"column":25}},"92":{"start":{"line":215,"column":11},"end":{"line":223,"column":5}},"93":{"start":{"line":216,"column":8},"end":{"line":216,"column":24}},"94":{"start":{"line":217,"column":11},"end":{"line":223,"column":5}},"95":{"start":{"line":218,"column":8},"end":{"line":218,"column":26}},"96":{"start":{"line":219,"column":11},"end":{"line":223,"column":5}},"97":{"start":{"line":220,"column":8},"end":{"line":220,"column":36}},"98":{"start":{"line":221,"column":11},"end":{"line":223,"column":5}},"99":{"start":{"line":222,"column":8},"end":{"line":222,"column":36}},"100":{"start":{"line":225,"column":4},"end":{"line":225,"column":18}},"101":{"start":{"line":233,"column":0},"end":{"line":239,"column":1}},"102":{"start":{"line":234,"column":4},"end":{"line":236,"column":5}},"103":{"start":{"line":235,"column":8},"end":{"line":235,"column":40}},"104":{"start":{"line":238,"column":4},"end":{"line":238,"column":16}},"105":{"start":{"line":247,"column":0},"end":{"line":255,"column":1}},"106":{"start":{"line":248,"column":4},"end":{"line":250,"column":5}},"107":{"start":{"line":249,"column":8},"end":{"line":249,"column":19}},"108":{"start":{"line":252,"column":4},"end":{"line":252,"column":20}},"109":{"start":{"line":254,"column":4},"end":{"line":254,"column":82}},"110":{"start":{"line":262,"column":0},"end":{"line":264,"column":1}},"111":{"start":{"line":263,"column":4},"end":{"line":263,"column":41}},"112":{"start":{"line":266,"column":0},"end":{"line":268,"column":1}},"113":{"start":{"line":267,"column":4},"end":{"line":267,"column":52}},"114":{"start":{"line":270,"column":0},"end":{"line":272,"column":1}},"115":{"start":{"line":271,"column":4},"end":{"line":271,"column":63}},"116":{"start":{"line":279,"column":0},"end":{"line":289,"column":1}},"117":{"start":{"line":280,"column":4},"end":{"line":280,"column":13}},"118":{"start":{"line":282,"column":4},"end":{"line":284,"column":5}},"119":{"start":{"line":283,"column":8},"end":{"line":283,"column":27}},"120":{"start":{"line":286,"column":4},"end":{"line":288,"column":5}},"121":{"start":{"line":287,"column":8},"end":{"line":287,"column":34}},"122":{"start":{"line":297,"column":0},"end":{"line":395,"column":1}},"123":{"start":{"line":298,"column":4},"end":{"line":298,"column":26}},"124":{"start":{"line":299,"column":4},"end":{"line":299,"column":24}},"125":{"start":{"line":301,"column":4},"end":{"line":303,"column":5}},"126":{"start":{"line":302,"column":8},"end":{"line":302,"column":18}},"127":{"start":{"line":305,"column":4},"end":{"line":308,"column":5}},"128":{"start":{"line":306,"column":8},"end":{"line":306,"column":33}},"129":{"start":{"line":307,"column":8},"end":{"line":307,"column":18}},"130":{"start":{"line":310,"column":4},"end":{"line":318,"column":5}},"131":{"start":{"line":311,"column":8},"end":{"line":315,"column":9}},"132":{"start":{"line":312,"column":12},"end":{"line":312,"column":36}},"133":{"start":{"line":314,"column":12},"end":{"line":314,"column":32}},"134":{"start":{"line":317,"column":8},"end":{"line":317,"column":18}},"135":{"start":{"line":320,"column":4},"end":{"line":333,"column":5}},"136":{"start":{"line":321,"column":8},"end":{"line":321,"column":25}},"137":{"start":{"line":322,"column":8},"end":{"line":324,"column":9}},"138":{"start":{"line":323,"column":12},"end":{"line":323,"column":21}},"139":{"start":{"line":326,"column":8},"end":{"line":326,"column":42}},"140":{"start":{"line":328,"column":8},"end":{"line":330,"column":9}},"141":{"start":{"line":329,"column":12},"end":{"line":329,"column":39}},"142":{"start":{"line":332,"column":8},"end":{"line":332,"column":18}},"143":{"start":{"line":335,"column":4},"end":{"line":339,"column":5}},"144":{"start":{"line":336,"column":8},"end":{"line":336,"column":28}},"145":{"start":{"line":338,"column":8},"end":{"line":338,"column":18}},"146":{"start":{"line":342,"column":4},"end":{"line":363,"column":7}},"147":{"start":{"line":365,"column":4},"end":{"line":373,"column":5}},"148":{"start":{"line":366,"column":8},"end":{"line":368,"column":9}},"149":{"start":{"line":367,"column":12},"end":{"line":367,"column":19}},"150":{"start":{"line":370,"column":8},"end":{"line":370,"column":26}},"151":{"start":{"line":372,"column":8},"end":{"line":372,"column":58}},"152":{"start":{"line":375,"column":4},"end":{"line":375,"column":16}},"153":{"start":{"line":376,"column":4},"end":{"line":376,"column":22}},"154":{"start":{"line":377,"column":4},"end":{"line":377,"column":29}},"155":{"start":{"line":379,"column":4},"end":{"line":392,"column":5}},"156":{"start":{"line":380,"column":8},"end":{"line":383,"column":9}},"157":{"start":{"line":381,"column":12},"end":{"line":381,"column":32}},"158":{"start":{"line":382,"column":12},"end":{"line":382,"column":32}},"159":{"start":{"line":385,"column":8},"end":{"line":389,"column":9}},"160":{"start":{"line":386,"column":12},"end":{"line":386,"column":18}},"161":{"start":{"line":388,"column":12},"end":{"line":388,"column":29}},"162":{"start":{"line":391,"column":8},"end":{"line":391,"column":29}},"163":{"start":{"line":394,"column":4},"end":{"line":394,"column":20}},"164":{"start":{"line":405,"column":0},"end":{"line":412,"column":1}},"165":{"start":{"line":406,"column":4},"end":{"line":409,"column":5}},"166":{"start":{"line":407,"column":8},"end":{"line":407,"column":77}},"167":{"start":{"line":408,"column":8},"end":{"line":408,"column":86}},"168":{"start":{"line":411,"column":4},"end":{"line":411,"column":23}},"169":{"start":{"line":414,"column":0},"end":{"line":424,"column":1}},"170":{"start":{"line":415,"column":4},"end":{"line":415,"column":28}},"171":{"start":{"line":417,"column":4},"end":{"line":419,"column":5}},"172":{"start":{"line":418,"column":8},"end":{"line":418,"column":76}},"173":{"start":{"line":421,"column":4},"end":{"line":421,"column":53}},"174":{"start":{"line":422,"column":4},"end":{"line":422,"column":20}},"175":{"start":{"line":423,"column":4},"end":{"line":423,"column":26}},"176":{"start":{"line":426,"column":0},"end":{"line":459,"column":2}},"177":{"start":{"line":428,"column":8},"end":{"line":428,"column":60}},"178":{"start":{"line":429,"column":8},"end":{"line":429,"column":33}},"179":{"start":{"line":430,"column":8},"end":{"line":430,"column":34}},"180":{"start":{"line":431,"column":8},"end":{"line":431,"column":23}},"181":{"start":{"line":433,"column":8},"end":{"line":439,"column":11}},"182":{"start":{"line":434,"column":12},"end":{"line":434,"column":85}},"183":{"start":{"line":436,"column":12},"end":{"line":438,"column":13}},"184":{"start":{"line":437,"column":16},"end":{"line":437,"column":33}},"185":{"start":{"line":441,"column":8},"end":{"line":451,"column":11}},"186":{"start":{"line":442,"column":12},"end":{"line":442,"column":69}},"187":{"start":{"line":444,"column":12},"end":{"line":446,"column":13}},"188":{"start":{"line":445,"column":16},"end":{"line":445,"column":33}},"189":{"start":{"line":448,"column":12},"end":{"line":450,"column":13}},"190":{"start":{"line":449,"column":16},"end":{"line":449,"column":84}},"191":{"start":{"line":453,"column":8},"end":{"line":455,"column":9}},"192":{"start":{"line":454,"column":12},"end":{"line":454,"column":41}},"193":{"start":{"line":457,"column":8},"end":{"line":457,"column":28}},"194":{"start":{"line":461,"column":0},"end":{"line":461,"column":24}}},"branchMap":{"1":{"line":55,"type":"cond-expr","locations":[{"start":{"line":55,"column":24},"end":{"line":55,"column":37}},{"start":{"line":55,"column":40},"end":{"line":55,"column":41}}]},"2":{"line":56,"type":"cond-expr","locations":[{"start":{"line":56,"column":26},"end":{"line":56,"column":41}},{"start":{"line":56,"column":44},"end":{"line":56,"column":45}}]},"3":{"line":57,"type":"cond-expr","locations":[{"start":{"line":57,"column":25},"end":{"line":57,"column":39}},{"start":{"line":57,"column":42},"end":{"line":57,"column":43}}]},"4":{"line":101,"type":"if","locations":[{"start":{"line":101,"column":4},"end":{"line":101,"column":4}},{"start":{"line":101,"column":4},"end":{"line":101,"column":4}}]},"5":{"line":103,"type":"if","locations":[{"start":{"line":103,"column":11},"end":{"line":103,"column":11}},{"start":{"line":103,"column":11},"end":{"line":103,"column":11}}]},"6":{"line":105,"type":"if","locations":[{"start":{"line":105,"column":11},"end":{"line":105,"column":11}},{"start":{"line":105,"column":11},"end":{"line":105,"column":11}}]},"7":{"line":124,"type":"binary-expr","locations":[{"start":{"line":124,"column":17},"end":{"line":124,"column":29}},{"start":{"line":124,"column":33},"end":{"line":124,"column":51}}]},"8":{"line":137,"type":"if","locations":[{"start":{"line":137,"column":4},"end":{"line":137,"column":4}},{"start":{"line":137,"column":4},"end":{"line":137,"column":4}}]},"9":{"line":139,"type":"if","locations":[{"start":{"line":139,"column":11},"end":{"line":139,"column":11}},{"start":{"line":139,"column":11},"end":{"line":139,"column":11}}]},"10":{"line":139,"type":"binary-expr","locations":[{"start":{"line":139,"column":15},"end":{"line":139,"column":23}},{"start":{"line":139,"column":27},"end":{"line":139,"column":35}}]},"11":{"line":141,"type":"if","locations":[{"start":{"line":141,"column":11},"end":{"line":141,"column":11}},{"start":{"line":141,"column":11},"end":{"line":141,"column":11}}]},"12":{"line":141,"type":"binary-expr","locations":[{"start":{"line":141,"column":15},"end":{"line":141,"column":24}},{"start":{"line":141,"column":28},"end":{"line":141,"column":37}}]},"13":{"line":143,"type":"if","locations":[{"start":{"line":143,"column":11},"end":{"line":143,"column":11}},{"start":{"line":143,"column":11},"end":{"line":143,"column":11}}]},"14":{"line":143,"type":"binary-expr","locations":[{"start":{"line":143,"column":16},"end":{"line":143,"column":25}},{"start":{"line":143,"column":29},"end":{"line":143,"column":38}}]},"15":{"line":145,"type":"if","locations":[{"start":{"line":145,"column":11},"end":{"line":145,"column":11}},{"start":{"line":145,"column":11},"end":{"line":145,"column":11}}]},"16":{"line":145,"type":"binary-expr","locations":[{"start":{"line":145,"column":16},"end":{"line":145,"column":25}},{"start":{"line":145,"column":29},"end":{"line":145,"column":38}}]},"17":{"line":147,"type":"if","locations":[{"start":{"line":147,"column":11},"end":{"line":147,"column":11}},{"start":{"line":147,"column":11},"end":{"line":147,"column":11}}]},"18":{"line":147,"type":"binary-expr","locations":[{"start":{"line":147,"column":16},"end":{"line":147,"column":25}},{"start":{"line":147,"column":29},"end":{"line":147,"column":39}}]},"19":{"line":194,"type":"binary-expr","locations":[{"start":{"line":194,"column":16},"end":{"line":194,"column":33}},{"start":{"line":194,"column":37},"end":{"line":194,"column":60}},{"start":{"line":194,"column":65},"end":{"line":194,"column":83}}]},"20":{"line":207,"type":"if","locations":[{"start":{"line":207,"column":4},"end":{"line":207,"column":4}},{"start":{"line":207,"column":4},"end":{"line":207,"column":4}}]},"21":{"line":209,"type":"if","locations":[{"start":{"line":209,"column":11},"end":{"line":209,"column":11}},{"start":{"line":209,"column":11},"end":{"line":209,"column":11}}]},"22":{"line":211,"type":"if","locations":[{"start":{"line":211,"column":11},"end":{"line":211,"column":11}},{"start":{"line":211,"column":11},"end":{"line":211,"column":11}}]},"23":{"line":211,"type":"binary-expr","locations":[{"start":{"line":211,"column":16},"end":{"line":211,"column":24}},{"start":{"line":211,"column":28},"end":{"line":211,"column":36}}]},"24":{"line":213,"type":"if","locations":[{"start":{"line":213,"column":11},"end":{"line":213,"column":11}},{"start":{"line":213,"column":11},"end":{"line":213,"column":11}}]},"25":{"line":213,"type":"binary-expr","locations":[{"start":{"line":213,"column":16},"end":{"line":213,"column":24}},{"start":{"line":213,"column":28},"end":{"line":213,"column":36}}]},"26":{"line":215,"type":"if","locations":[{"start":{"line":215,"column":11},"end":{"line":215,"column":11}},{"start":{"line":215,"column":11},"end":{"line":215,"column":11}}]},"27":{"line":217,"type":"if","locations":[{"start":{"line":217,"column":11},"end":{"line":217,"column":11}},{"start":{"line":217,"column":11},"end":{"line":217,"column":11}}]},"28":{"line":219,"type":"if","locations":[{"start":{"line":219,"column":11},"end":{"line":219,"column":11}},{"start":{"line":219,"column":11},"end":{"line":219,"column":11}}]},"29":{"line":219,"type":"binary-expr","locations":[{"start":{"line":219,"column":16},"end":{"line":219,"column":25}},{"start":{"line":219,"column":29},"end":{"line":219,"column":38}},{"start":{"line":219,"column":43},"end":{"line":219,"column":54}},{"start":{"line":219,"column":59},"end":{"line":219,"column":68}},{"start":{"line":219,"column":72},"end":{"line":219,"column":81}}]},"30":{"line":221,"type":"if","locations":[{"start":{"line":221,"column":11},"end":{"line":221,"column":11}},{"start":{"line":221,"column":11},"end":{"line":221,"column":11}}]},"31":{"line":221,"type":"binary-expr","locations":[{"start":{"line":221,"column":16},"end":{"line":221,"column":25}},{"start":{"line":221,"column":29},"end":{"line":221,"column":38}},{"start":{"line":221,"column":43},"end":{"line":221,"column":54}},{"start":{"line":221,"column":59},"end":{"line":221,"column":68}},{"start":{"line":221,"column":72},"end":{"line":221,"column":82}}]},"32":{"line":234,"type":"if","locations":[{"start":{"line":234,"column":4},"end":{"line":234,"column":4}},{"start":{"line":234,"column":4},"end":{"line":234,"column":4}}]},"33":{"line":248,"type":"if","locations":[{"start":{"line":248,"column":4},"end":{"line":248,"column":4}},{"start":{"line":248,"column":4},"end":{"line":248,"column":4}}]},"34":{"line":254,"type":"cond-expr","locations":[{"start":{"line":254,"column":32},"end":{"line":254,"column":56}},{"start":{"line":254,"column":59},"end":{"line":254,"column":65}}]},"35":{"line":282,"type":"if","locations":[{"start":{"line":282,"column":4},"end":{"line":282,"column":4}},{"start":{"line":282,"column":4},"end":{"line":282,"column":4}}]},"36":{"line":286,"type":"if","locations":[{"start":{"line":286,"column":4},"end":{"line":286,"column":4}},{"start":{"line":286,"column":4},"end":{"line":286,"column":4}}]},"37":{"line":311,"type":"if","locations":[{"start":{"line":311,"column":8},"end":{"line":311,"column":8}},{"start":{"line":311,"column":8},"end":{"line":311,"column":8}}]},"38":{"line":322,"type":"if","locations":[{"start":{"line":322,"column":8},"end":{"line":322,"column":8}},{"start":{"line":322,"column":8},"end":{"line":322,"column":8}}]},"39":{"line":366,"type":"if","locations":[{"start":{"line":366,"column":8},"end":{"line":366,"column":8}},{"start":{"line":366,"column":8},"end":{"line":366,"column":8}}]},"40":{"line":366,"type":"binary-expr","locations":[{"start":{"line":366,"column":12},"end":{"line":366,"column":27}},{"start":{"line":366,"column":31},"end":{"line":366,"column":40}}]},"41":{"line":385,"type":"if","locations":[{"start":{"line":385,"column":8},"end":{"line":385,"column":8}},{"start":{"line":385,"column":8},"end":{"line":385,"column":8}}]},"42":{"line":406,"type":"if","locations":[{"start":{"line":406,"column":4},"end":{"line":406,"column":4}},{"start":{"line":406,"column":4},"end":{"line":406,"column":4}}]},"43":{"line":415,"type":"binary-expr","locations":[{"start":{"line":415,"column":14},"end":{"line":415,"column":21}},{"start":{"line":415,"column":25},"end":{"line":415,"column":27}}]},"44":{"line":417,"type":"if","locations":[{"start":{"line":417,"column":4},"end":{"line":417,"column":4}},{"start":{"line":417,"column":4},"end":{"line":417,"column":4}}]},"45":{"line":428,"type":"cond-expr","locations":[{"start":{"line":428,"column":44},"end":{"line":428,"column":51}},{"start":{"line":428,"column":54},"end":{"line":428,"column":59}}]},"46":{"line":436,"type":"if","locations":[{"start":{"line":436,"column":12},"end":{"line":436,"column":12}},{"start":{"line":436,"column":12},"end":{"line":436,"column":12}}]},"47":{"line":444,"type":"if","locations":[{"start":{"line":444,"column":12},"end":{"line":444,"column":12}},{"start":{"line":444,"column":12},"end":{"line":444,"column":12}}]},"48":{"line":448,"type":"if","locations":[{"start":{"line":448,"column":12},"end":{"line":448,"column":12}},{"start":{"line":448,"column":12},"end":{"line":448,"column":12}}]},"49":{"line":453,"type":"if","locations":[{"start":{"line":453,"column":8},"end":{"line":453,"column":8}},{"start":{"line":453,"column":8},"end":{"line":453,"column":8}}]}},"code":["const entities = require('entities');","const defaults = {","    fg: '#FFF',","    bg: '#000',","    newline: false,","    escapeXML: false,","    stream: false,","    colors: getDefaultColors()","};","","function getDefaultColors() {","    const colors = {","        0: '#000',","        1: '#A00',","        2: '#0A0',","        3: '#A50',","        4: '#00A',","        5: '#A0A',","        6: '#0AA',","        7: '#AAA',","        8: '#555',","        9: '#F55',","        10: '#5F5',","        11: '#FF5',","        12: '#55F',","        13: '#F5F',","        14: '#5FF',","        15: '#FFF'","    };","","    range(0, 5).forEach(red => {","        range(0, 5).forEach(green => {","            range(0, 5).forEach(blue => setStyleColor(red, green, blue, colors));","        });","    });","","    range(0, 23).forEach(function (gray) {","        const c = gray + 232;","        const l = toHexString(gray * 10 + 8);","","        colors[c] = '#' + l + l + l;","    });","","    return colors;","}","","/**"," * @param {number} red"," * @param {number} green"," * @param {number} blue"," * @param {object} colors"," */","function setStyleColor(red, green, blue, colors) {","    const c = 16 + (red * 36) + (green * 6) + blue;","    const r = red > 0 ? red * 40 + 55 : 0;","    const g = green > 0 ? green * 40 + 55 : 0;","    const b = blue > 0 ? blue * 40 + 55 : 0;","","    colors[c] = toColorHexString([r, g, b]);","}","","/**"," * Converts from a number like 15 to a hex string like 'F'"," * @param {number} num"," * @returns {string}"," */","function toHexString(num) {","    var str = num.toString(16);","","    while (str.length < 2) {","        str = '0' + str;","    }","","    return str;","}","","/**"," * Converts from an array of numbers like [15, 15, 15] to a hex string like 'FFF'"," * @param {[red, green, blue]} ref"," * @returns {string}"," */","function toColorHexString(ref) {","    var results = [];","","    for (var j = 0, len = ref.length; j < len; j++) {","        results.push(toHexString(ref[j]));","    }","","    return '#' + results.join('');","}","","/**"," * @param {Array} stack"," * @param {string} token"," * @param {*} data"," * @param {object} options"," */","function generateOutput(stack, token, data, options) {","    var result;","","    if (token === 'text') {","        result = pushText(data, options);","    } else if (token === 'display') {","        result = handleDisplay(stack, data, options);","    } else if (token === 'xterm256') {","        result = pushForegroundColor(stack, options.colors[data]);","    }","","    return result;","}","","/**"," * @param {Array} stack"," * @param {number} code"," * @param {object} options"," * @returns {*}"," */","function handleDisplay(stack, code, options) {","    code = parseInt(code, 10);","    var result;","","    const codeMap = {","        '-1': () => '<br/>',","        0: () => stack.length && resetStyles(stack),","        1: () => pushTag(stack, 'b'),","        3: () => pushTag(stack, 'i'),","        4: () => pushTag(stack, 'u'),","        8: () => pushStyle(stack, 'display:none'),","        9: () => pushTag(stack, 'strike'),","        22: () => closeTag(stack, 'b'),","        23: () => closeTag(stack, 'i'),","        24: () => closeTag(stack, 'u'),","        39: () => pushForegroundColor(stack, options.fg),","        49: () => pushBackgroundColor(stack, options.bg)","    };","","    if (codeMap[code]) {","        result = codeMap[code]();","    } else if (4 < code && code < 7) {","        result = pushTag(stack, 'blink');","    } else if (29 < code && code < 38) {","        result = pushForegroundColor(stack, options.colors[code - 30]);","    } else if ((39 < code && code < 48)) {","        result = pushBackgroundColor(stack, options.colors[code - 40]);","    } else if ((89 < code && code < 98)) {","        result = pushForegroundColor(stack, options.colors[8 + (code - 90)]);","    } else if ((99 < code && code < 108)) {","        result = pushBackgroundColor(stack, options.colors[8 + (code - 100)]);","    }","","    return result;","}","","/**"," * Clear all the styles"," * @returns {string}"," */","function resetStyles(stack) {","    var stackClone = stack.slice(0);","","    stack.length = 0;","","    return stackClone.reverse().map(function (tag) {","        return '</' + tag + '>';","    }).join('');","}","","/**"," * Creates an array of numbers ranging from low to high"," * @param {number} low"," * @param {number} high"," * @returns {Array}"," * @example range(3, 7); // creates [3, 4, 5, 6, 7]"," */","function range(low, high) {","    const results = [];","","    for (var j = low; j <= high; j++) {","        results.push(j);","    }","","    return results;","}","","","","/**"," * Returns a new function that is true if value is NOT the same category"," * @param {string} category"," * @returns {function}"," */","function notCategory(category) {","    return function (e) {","        return (category === null || e.category !== category) && category !== 'all';","    };","}","","/**"," * Converts a code into an ansi token type"," * @param {number} code"," * @returns {string}"," */","function categoryForCode(code) {","    code = parseInt(code, 10);","    var result = null;","","    if (code === 0) {","        result = 'all';","    } else if (code === 1) {","        result = 'bold';","    } else if ((2 < code && code < 5)) {","        result = 'underline';","    } else if ((4 < code && code < 7)) {","        result = 'blink';","    } else if (code === 8) {","        result = 'hide';","    } else if (code === 9) {","        result = 'strike';","    } else if ((29 < code && code < 38) || code === 39 || (89 < code && code < 98)) {","        result = 'foreground-color';","    } else if ((39 < code && code < 48) || code === 49 || (99 < code && code < 108)) {","        result = 'background-color';","    }","","    return result;","}","","/**"," * @param {string} text"," * @param {object} options"," * @returns {string}"," */","function pushText(text, options) {","    if (options.escapeXML) {","        return entities.encodeXML(text);","    }","","    return text;","}","","/**"," * @param {Array} stack"," * @param {string} tag"," * @param {string} [style='']"," * @returns {string}"," */","function pushTag(stack, tag, style) {","    if (!style) {","        style = '';","    }","","    stack.push(tag);","","    return ['<' + tag, (style ? ' style=\"' + style + '\"' : void 0), '>'].join('');","}","","/**"," * @param {Array} stack"," * @param {string} style"," * @returns {string}"," */","function pushStyle (stack, style) {","    return pushTag(stack, 'span', style);","}","","function pushForegroundColor(stack, color) {","    return pushTag(stack, 'span', 'color:' + color);","}","","function pushBackgroundColor(stack, color) {","    return pushTag(stack, 'span', 'background-color:' + color);","}","","/**"," * @param {Array} stack"," * @param {string} style"," * @returns {string}"," */","function closeTag(stack, style) {","    var last;","","    if (stack.slice(-1)[0] === style) {","        last = stack.pop();","    }","","    if (last) {","        return '</' + style + '>';","    }","}","","/**"," * @param {string} text"," * @param {object} options"," * @param {function} callback"," * @returns {Array}"," */","function tokenize(text, options, callback) {","    var ansiMatch = false;","    var ansiHandler = 3;","","    function remove() {","        return '';","    }","","    function removeXterm256(m, g1) {","        callback('xterm256', g1);","        return '';","    }","","    function newline(m) {","        if (options.newline) {","            callback('display', -1);","        } else {","            callback('text', m);","        }","","        return '';","    }","","    function ansiMess(m, g1) {","        ansiMatch = true;","        if (g1.trim().length === 0) {","            g1 = '0';","        }","","        g1 = g1.trimRight(';').split(';');","","        for (var o = 0, len = g1.length; o < len; o++) {","            callback('display', g1[o]);","        }","","        return '';","    }","","    function realText(m) {","        callback('text', m);","","        return '';","    }","","    /* eslint no-control-regex:0 */","    const tokens = [{","        pattern: /^\\x08+/,","        sub: remove","    }, {","        pattern: /^\\x1b\\[[012]?K/,","        sub: remove","    }, {","        pattern: /^\\x1b\\[38;5;(\\d+)m/,","        sub: removeXterm256","    }, {","        pattern: /^\\n/,","        sub: newline","    }, {","        pattern: /^\\x1b\\[((?:\\d{1,3};?)+|)m/,","        sub: ansiMess","    }, {","        pattern: /^\\x1b\\[?[\\d;]{0,3}/,","        sub: remove","    }, {","        pattern: /^([^\\x1b\\x08\\n]+)/,","        sub: realText","    }];","","    function process(handler, i) {","        if (i > ansiHandler && ansiMatch) {","            return;","        }","","        ansiMatch = false;","","        text = text.replace(handler.pattern, handler.sub);","    }","","    var handler;","    var results1 = [];","    var length = text.length;","","    while (length > 0) {","        for (var i = 0, o = 0, len = tokens.length; o < len; i = ++o) {","            handler = tokens[i];","            process(handler, i);","        }","","        if (text.length === length) {","            break;","        } else {","            results1.push(0);","        }","","        length = text.length;","    }","","    return results1;","}","","/**"," * If streaming, then the stack is \"sticky\""," *"," * @param {Array} stickyStack"," * @param {string} token"," * @param {*} data"," * @returns {Array}"," */","function updateStickyStack(stickyStack, token, data) {","    if (token !== 'text') {","        stickyStack = stickyStack.filter(notCategory(categoryForCode(data)));","        stickyStack.push({token: token, data: data, category: categoryForCode(data)});","    }","","    return stickyStack;","}","","function Filter(options) {","    options = options || {};","","    if (options.colors) {","        options.colors = Object.assign({}, defaults.colors, options.colors);","    }","","    this.opts = Object.assign({}, defaults, options);","    this.stack = [];","    this.stickyStack = [];","}","","Filter.prototype = {","    toHtml (input) {","        input = typeof input === 'string' ? [input] : input;","        const stack = this.stack;","        const options = this.opts;","        const buf = [];","","        this.stickyStack.forEach(element => {","            var output = generateOutput(stack, element.token, element.data, options);","","            if (output) {","                buf.push(output);","            }","        });","","        tokenize(input.join(''), options, (token, data) => {","            var output = generateOutput(stack, token, data, options);","","            if (output) {","                buf.push(output);","            }","","            if (options.stream) {","                this.stickyStack = updateStickyStack(this.stickyStack, token, data);","            }","        });","","        if (stack.length) {","            buf.push(resetStyles(stack));","        }","","        return buf.join('');","    }","};","","module.exports = Filter;",""],"l":{"1":1,"2":1,"11":1,"12":1,"31":1,"32":6,"33":216,"37":1,"38":24,"39":24,"41":24,"44":1,"53":1,"54":216,"55":216,"56":216,"57":216,"59":216,"67":1,"68":672,"70":672,"71":109,"74":672,"82":1,"83":216,"85":216,"86":648,"89":216,"98":1,"99":0,"101":0,"102":0,"103":0,"104":0,"105":0,"106":0,"109":0,"118":1,"119":0,"120":0,"122":0,"123":0,"124":0,"125":0,"126":0,"127":0,"128":0,"129":0,"130":0,"131":0,"132":0,"133":0,"134":0,"137":0,"138":0,"139":0,"140":0,"141":0,"142":0,"143":0,"144":0,"145":0,"146":0,"147":0,"148":0,"151":0,"158":1,"159":0,"161":0,"163":0,"164":0,"175":1,"176":44,"178":44,"179":282,"182":44,"192":1,"193":0,"194":0,"203":1,"204":0,"205":0,"207":0,"208":0,"209":0,"210":0,"211":0,"212":0,"213":0,"214":0,"215":0,"216":0,"217":0,"218":0,"219":0,"220":0,"221":0,"222":0,"225":0,"233":1,"234":0,"235":0,"238":0,"247":1,"248":0,"249":0,"252":0,"254":0,"262":1,"263":0,"266":1,"267":0,"270":1,"271":0,"279":1,"280":0,"282":0,"283":0,"286":0,"287":0,"297":1,"298":0,"299":0,"301":1,"302":0,"305":1,"306":0,"307":0,"310":1,"311":0,"312":0,"314":0,"317":0,"320":1,"321":0,"322":0,"323":0,"326":0,"328":0,"329":0,"332":0,"335":1,"336":0,"338":0,"342":0,"365":1,"366":0,"367":0,"370":0,"372":0,"375":0,"376":0,"377":0,"379":0,"380":0,"381":0,"382":0,"385":0,"386":0,"388":0,"391":0,"394":0,"405":1,"406":0,"407":0,"408":0,"411":0,"414":1,"415":0,"417":0,"418":0,"421":0,"422":0,"423":0,"426":1,"428":0,"429":0,"430":0,"431":0,"433":0,"434":0,"436":0,"437":0,"441":0,"442":0,"444":0,"445":0,"448":0,"449":0,"453":0,"454":0,"457":0,"461":1}},"/home/travis/build/npmtest/node-npmtest-ansi-to-html/node_modules/ansi-to-html/gruntFile.js":{"path":"/home/travis/build/npmtest/node-npmtest-ansi-to-html/node_modules/ansi-to-html/gruntFile.js","s":{"1":1,"2":0,"3":0,"4":0,"5":0,"6":0},"b":{},"f":{"1":0},"fnMap":{"1":{"name":"(anonymous_1)","line":2,"loc":{"start":{"line":2,"column":17},"end":{"line":2,"column":34}}}},"statementMap":{"1":{"start":{"line":2,"column":0},"end":{"line":26,"column":2}},"2":{"start":{"line":4,"column":2},"end":{"line":4,"column":44}},"3":{"start":{"line":5,"column":2},"end":{"line":5,"column":43}},"4":{"start":{"line":6,"column":2},"end":{"line":6,"column":37}},"5":{"start":{"line":9,"column":2},"end":{"line":22,"column":5}},"6":{"start":{"line":25,"column":2},"end":{"line":25,"column":49}}},"branchMap":{},"code":["/*global module:false*/","module.exports = function (grunt) {","","  grunt.loadNpmTasks('grunt-contrib-watch');","  grunt.loadNpmTasks('grunt-simple-mocha');","  grunt.loadNpmTasks('grunt-eslint');","","  // Project configuration.","  grunt.initConfig({","    eslint: {","        options: { configFile: '.eslintrc.json' },","        target: ['lib/**/*.js', 'test/**/*.js']","    },","    simplemocha: {","      all: ['test/ansi_to_html.js', ['test/cli.js']],","      options: {reporter: 'tap'}","    },","    watch: {","      files: ['src/**/*.js', 'test/**/*.js'],","      tasks: 'default'","    }","  });","","  // Default task.","  grunt.registerTask('default', ['simplemocha']);","};",""],"l":{"2":1,"4":0,"5":0,"6":0,"9":0,"25":0}}}